<?xml version="1.0" encoding="UTF-8"?>
<testng-results skipped="0" failed="0" ignored="0" total="1" passed="1">
  <reporter-output>
  </reporter-output>
  <suite name="Default suite" duration-ms="17571" started-at="2020-10-07T22:10:58 EDT" finished-at="2020-10-07T22:11:16 EDT">
    <groups>
    </groups>
    <test name="Default test" duration-ms="17571" started-at="2020-10-07T22:10:58 EDT" finished-at="2020-10-07T22:11:16 EDT">
      <class name="WebsiteSignUp.TC18_UnsuccessfulSignIn">
        <test-method status="PASS" signature="LaunchBrowser()[pri:0, instance:WebsiteSignUp.TC18_UnsuccessfulSignIn@5a8806ef]" name="LaunchBrowser" is-config="true" duration-ms="8526" started-at="2020-10-07T22:10:58 EDT" finished-at="2020-10-07T22:11:07 EDT">
          <reporter-output>
          </reporter-output>
        </test-method> <!-- LaunchBrowser -->
        <test-method status="PASS" signature="TC18()[pri:1, instance:WebsiteSignUp.TC18_UnsuccessfulSignIn@5a8806ef]" name="TC18" duration-ms="7495" started-at="2020-10-07T22:11:07 EDT" finished-at="2020-10-07T22:11:14 EDT">
          <reporter-output>
          </reporter-output>
        </test-method> <!-- TC18 -->
        <test-method status="PASS" signature="CloseBrowser()[pri:0, instance:WebsiteSignUp.TC18_UnsuccessfulSignIn@5a8806ef]" name="CloseBrowser" is-config="true" duration-ms="1470" started-at="2020-10-07T22:11:14 EDT" finished-at="2020-10-07T22:11:16 EDT">
          <reporter-output>
          </reporter-output>
        </test-method> <!-- CloseBrowser -->
      </class> <!-- WebsiteSignUp.TC18_UnsuccessfulSignIn -->
    </test> <!-- Default test -->
  </suite> <!-- Default suite -->
</testng-results>
